<?xml version="1.0" encoding="UTF-8"?>
<testsuite xmlns:xsi="http://www.w3.org/2001/XMLSchema-instance" xsi:noNamespaceSchemaLocation="https://maven.apache.org/surefire/maven-surefire-plugin/xsd/surefire-test-report-3.0.xsd" version="3.0" name="com.vedruna.project.ProjectApplicationTests" time="9.108" tests="1" errors="0" skipped="0" failures="0">
  <properties>
[...]
</properties>
  <testcase name="contextLoads" classname="com.vedruna.project.ProjectApplicationTests" time="0.868">
    <system-out><![CDATA[18:07:01.644 [main] INFO org.springframework.test.context.support.AnnotationConfigContextLoaderUtils -- Could not detect default configuration classes for test class [com.vedruna.project.ProjectApplicationTests]: ProjectApplicationTests does not declare any static, non-private, non-final, nested classes annotated with @Configuration.
18:07:01.813 [main] INFO org.springframework.boot.test.context.SpringBootTestContextBootstrapper -- Found @SpringBootConfiguration com.vedruna.project.ProjectApplication for test class com.vedruna.project.ProjectApplicationTests
18:07:02.017 [main] INFO org.springframework.boot.devtools.restart.RestartApplicationListener -- Restart disabled due to context in which it is running

  .   ____          _            __ _ _
 /\\ / ___'_ __ _ _(_)_ __  __ _ \ \ \ \
( ( )\___ | '_ | '_| | '_ \/ _` | \ \ \ \
 \\/  ___)| |_)| | | | | || (_| |  ) ) ) )
  '  |____| .__|_| |_|_| |_\__, | / / / /
 =========|_|==============|___/=/_/_/_/

 :: Spring Boot ::                (v3.3.5)

2024-11-25T18:07:02.447+01:00  INFO 20629 --- [           main] c.v.project.ProjectApplicationTests      : Starting ProjectApplicationTests using Java 17.0.1 with PID 20629 (started by ivansanchezsanchez in /Users/ivansanchezsanchez/Desktop/ApiRest-Project1Trim)
2024-11-25T18:07:02.451+01:00  INFO 20629 --- [           main] c.v.project.ProjectApplicationTests      : No active profile set, falling back to 1 default profile: "default"
2024-11-25T18:07:03.977+01:00  INFO 20629 --- [           main] .s.d.r.c.RepositoryConfigurationDelegate : Bootstrapping Spring Data JPA repositories in DEFAULT mode.
2024-11-25T18:07:04.073+01:00  INFO 20629 --- [           main] .s.d.r.c.RepositoryConfigurationDelegate : Finished Spring Data repository scanning in 89 ms. Found 4 JPA repository interfaces.
2024-11-25T18:07:05.075+01:00  INFO 20629 --- [           main] o.hibernate.jpa.internal.util.LogHelper  : HHH000204: Processing PersistenceUnitInfo [name: default]
2024-11-25T18:07:05.127+01:00  INFO 20629 --- [           main] org.hibernate.Version                    : HHH000412: Hibernate ORM core version 6.5.3.Final
2024-11-25T18:07:05.162+01:00  INFO 20629 --- [           main] o.h.c.internal.RegionFactoryInitiator    : HHH000026: Second-level cache disabled
2024-11-25T18:07:05.224+01:00 DEBUG 20629 --- [           main] org.hibernate.type.BasicTypeRegistry     : Adding type registration boolean -> org.hibernate.type.BasicTypeReference@71664560
2024-11-25T18:07:05.225+01:00 DEBUG 20629 --- [           main] org.hibernate.type.BasicTypeRegistry     : Adding type registration boolean -> org.hibernate.type.BasicTypeReference@71664560
2024-11-25T18:07:05.225+01:00 DEBUG 20629 --- [           main] org.hibernate.type.BasicTypeRegistry     : Adding type registration java.lang.Boolean -> org.hibernate.type.BasicTypeReference@71664560
2024-11-25T18:07:05.225+01:00 DEBUG 20629 --- [           main] org.hibernate.type.BasicTypeRegistry     : Adding type registration numeric_boolean -> org.hibernate.type.BasicTypeReference@4d4436d0
2024-11-25T18:07:05.225+01:00 DEBUG 20629 --- [           main] org.hibernate.type.BasicTypeRegistry     : Adding type registration org.hibernate.type.NumericBooleanConverter -> org.hibernate.type.BasicTypeReference@4d4436d0
2024-11-25T18:07:05.225+01:00 DEBUG 20629 --- [           main] org.hibernate.type.BasicTypeRegistry     : Adding type registration true_false -> org.hibernate.type.BasicTypeReference@39da5e49
2024-11-25T18:07:05.225+01:00 DEBUG 20629 --- [           main] org.hibernate.type.BasicTypeRegistry     : Adding type registration org.hibernate.type.TrueFalseConverter -> org.hibernate.type.BasicTypeReference@39da5e49
2024-11-25T18:07:05.225+01:00 DEBUG 20629 --- [           main] org.hibernate.type.BasicTypeRegistry     : Adding type registration yes_no -> org.hibernate.type.BasicTypeReference@2443abd6
2024-11-25T18:07:05.225+01:00 DEBUG 20629 --- [           main] org.hibernate.type.BasicTypeRegistry     : Adding type registration org.hibernate.type.YesNoConverter -> org.hibernate.type.BasicTypeReference@2443abd6
2024-11-25T18:07:05.225+01:00 DEBUG 20629 --- [           main] org.hibernate.type.BasicTypeRegistry     : Adding type registration byte -> org.hibernate.type.BasicTypeReference@674da77b
2024-11-25T18:07:05.225+01:00 DEBUG 20629 --- [           main] org.hibernate.type.BasicTypeRegistry     : Adding type registration byte -> org.hibernate.type.BasicTypeReference@674da77b
2024-11-25T18:07:05.225+01:00 DEBUG 20629 --- [           main] org.hibernate.type.BasicTypeRegistry     : Adding type registration java.lang.Byte -> org.hibernate.type.BasicTypeReference@674da77b
2024-11-25T18:07:05.226+01:00 DEBUG 20629 --- [           main] org.hibernate.type.BasicTypeRegistry     : Adding type registration binary -> org.hibernate.type.BasicTypeReference@bd3eff4
2024-11-25T18:07:05.226+01:00 DEBUG 20629 --- [           main] org.hibernate.type.BasicTypeRegistry     : Adding type registration byte[] -> org.hibernate.type.BasicTypeReference@bd3eff4
2024-11-25T18:07:05.228+01:00 DEBUG 20629 --- [           main] org.hibernate.type.BasicTypeRegistry     : Adding type registration [B -> org.hibernate.type.BasicTypeReference@bd3eff4
2024-11-25T18:07:05.229+01:00 DEBUG 20629 --- [           main] org.hibernate.type.BasicTypeRegistry     : Adding type registration binary_wrapper -> org.hibernate.type.BasicTypeReference@5348d83c
2024-11-25T18:07:05.229+01:00 DEBUG 20629 --- [           main] org.hibernate.type.BasicTypeRegistry     : Adding type registration wrapper-binary -> org.hibernate.type.BasicTypeReference@5348d83c
2024-11-25T18:07:05.230+01:00 DEBUG 20629 --- [           main] org.hibernate.type.BasicTypeRegistry     : Adding type registration image -> org.hibernate.type.BasicTypeReference@477021ee
2024-11-25T18:07:05.230+01:00 DEBUG 20629 --- [           main] org.hibernate.type.BasicTypeRegistry     : Adding type registration blob -> org.hibernate.type.BasicTypeReference@2180e789
2024-11-25T18:07:05.230+01:00 DEBUG 20629 --- [           main] org.hibernate.type.BasicTypeRegistry     : Adding type registration java.sql.Blob -> org.hibernate.type.BasicTypeReference@2180e789
2024-11-25T18:07:05.230+01:00 DEBUG 20629 --- [           main] org.hibernate.type.BasicTypeRegistry     : Adding type registration materialized_blob -> org.hibernate.type.BasicTypeReference@5e9bbd9d
2024-11-25T18:07:05.230+01:00 DEBUG 20629 --- [           main] org.hibernate.type.BasicTypeRegistry     : Adding type registration materialized_blob_wrapper -> org.hibernate.type.BasicTypeReference@4b87074a
2024-11-25T18:07:05.230+01:00 DEBUG 20629 --- [           main] org.hibernate.type.BasicTypeRegistry     : Adding type registration short -> org.hibernate.type.BasicTypeReference@d3e3085
2024-11-25T18:07:05.230+01:00 DEBUG 20629 --- [           main] org.hibernate.type.BasicTypeRegistry     : Adding type registration short -> org.hibernate.type.BasicTypeReference@d3e3085
2024-11-25T18:07:05.230+01:00 DEBUG 20629 --- [           main] org.hibernate.type.BasicTypeRegistry     : Adding type registration java.lang.Short -> org.hibernate.type.BasicTypeReference@d3e3085
2024-11-25T18:07:05.230+01:00 DEBUG 20629 --- [           main] org.hibernate.type.BasicTypeRegistry     : Adding type registration integer -> org.hibernate.type.BasicTypeReference@2ba42204
2024-11-25T18:07:05.230+01:00 DEBUG 20629 --- [           main] org.hibernate.type.BasicTypeRegistry     : Adding type registration int -> org.hibernate.type.BasicTypeReference@2ba42204
2024-11-25T18:07:05.231+01:00 DEBUG 20629 --- [           main] org.hibernate.type.BasicTypeRegistry     : Adding type registration java.lang.Integer -> org.hibernate.type.BasicTypeReference@2ba42204
2024-11-25T18:07:05.232+01:00 DEBUG 20629 --- [           main] org.hibernate.type.BasicTypeRegistry     : Adding type registration long -> org.hibernate.type.BasicTypeReference@285005b8
2024-11-25T18:07:05.232+01:00 DEBUG 20629 --- [           main] org.hibernate.type.BasicTypeRegistry     : Adding type registration long -> org.hibernate.type.BasicTypeReference@285005b8
2024-11-25T18:07:05.232+01:00 DEBUG 20629 --- [           main] org.hibernate.type.BasicTypeRegistry     : Adding type registration java.lang.Long -> org.hibernate.type.BasicTypeReference@285005b8
2024-11-25T18:07:05.232+01:00 DEBUG 20629 --- [           main] org.hibernate.type.BasicTypeRegistry     : Adding type registration float -> org.hibernate.type.BasicTypeReference@5b1efaaf
2024-11-25T18:07:05.232+01:00 DEBUG 20629 --- [           main] org.hibernate.type.BasicTypeRegistry     : Adding type registration float -> org.hibernate.type.BasicTypeReference@5b1efaaf
2024-11-25T18:07:05.232+01:00 DEBUG 20629 --- [           main] org.hibernate.type.BasicTypeRegistry     : Adding type registration java.lang.Float -> org.hibernate.type.BasicTypeReference@5b1efaaf
2024-11-25T18:07:05.233+01:00 DEBUG 20629 --- [           main] org.hibernate.type.BasicTypeRegistry     : Adding type registration double -> org.hibernate.type.BasicTypeReference@27585351
2024-11-25T18:07:05.233+01:00 DEBUG 20629 --- [           main] org.hibernate.type.BasicTypeRegistry     : Adding type registration double -> org.hibernate.type.BasicTypeReference@27585351
2024-11-25T18:07:05.233+01:00 DEBUG 20629 --- [           main] org.hibernate.type.BasicTypeRegistry     : Adding type registration java.lang.Double -> org.hibernate.type.BasicTypeReference@27585351
2024-11-25T18:07:05.233+01:00 DEBUG 20629 --- [           main] org.hibernate.type.BasicTypeRegistry     : Adding type registration big_integer -> org.hibernate.type.BasicTypeReference@2de6f1bc
2024-11-25T18:07:05.234+01:00 DEBUG 20629 --- [           main] org.hibernate.type.BasicTypeRegistry     : Adding type registration java.math.BigInteger -> org.hibernate.type.BasicTypeReference@2de6f1bc
2024-11-25T18:07:05.234+01:00 DEBUG 20629 --- [           main] org.hibernate.type.BasicTypeRegistry     : Adding type registration big_decimal -> org.hibernate.type.BasicTypeReference@5b35c7d
2024-11-25T18:07:05.234+01:00 DEBUG 20629 --- [           main] org.hibernate.type.BasicTypeRegistry     : Adding type registration java.math.BigDecimal -> org.hibernate.type.BasicTypeReference@5b35c7d
2024-11-25T18:07:05.235+01:00 DEBUG 20629 --- [           main] org.hibernate.type.BasicTypeRegistry     : Adding type registration character -> org.hibernate.type.BasicTypeReference@29d405e6
2024-11-25T18:07:05.235+01:00 DEBUG 20629 --- [           main] org.hibernate.type.BasicTypeRegistry     : Adding type registration char -> org.hibernate.type.BasicTypeReference@29d405e6
2024-11-25T18:07:05.235+01:00 DEBUG 20629 --- [           main] org.hibernate.type.BasicTypeRegistry     : Adding type registration java.lang.Character -> org.hibernate.type.BasicTypeReference@29d405e6
2024-11-25T18:07:05.235+01:00 DEBUG 20629 --- [           main] org.hibernate.type.BasicTypeRegistry     : Adding type registration character_nchar -> org.hibernate.type.BasicTypeReference@4c731956
2024-11-25T18:07:05.235+01:00 DEBUG 20629 --- [           main] org.hibernate.type.BasicTypeRegistry     : Adding type registration string -> org.hibernate.type.BasicTypeReference@56826a75
2024-11-25T18:07:05.235+01:00 DEBUG 20629 --- [           main] org.hibernate.type.BasicTypeRegistry     : Adding type registration java.lang.String -> org.hibernate.type.BasicTypeReference@56826a75
2024-11-25T18:07:05.235+01:00 DEBUG 20629 --- [           main] org.hibernate.type.BasicTypeRegistry     : Adding type registration nstring -> org.hibernate.type.BasicTypeReference@49cd946c
2024-11-25T18:07:05.238+01:00 DEBUG 20629 --- [           main] org.hibernate.type.BasicTypeRegistry     : Adding type registration characters -> org.hibernate.type.BasicTypeReference@40bf4386
2024-11-25T18:07:05.238+01:00 DEBUG 20629 --- [           main] org.hibernate.type.BasicTypeRegistry     : Adding type registration char[] -> org.hibernate.type.BasicTypeReference@40bf4386
2024-11-25T18:07:05.238+01:00 DEBUG 20629 --- [           main] org.hibernate.type.BasicTypeRegistry     : Adding type registration [C -> org.hibernate.type.BasicTypeReference@40bf4386
2024-11-25T18:07:05.238+01:00 DEBUG 20629 --- [           main] org.hibernate.type.BasicTypeRegistry     : Adding type registration wrapper-characters -> org.hibernate.type.BasicTypeReference@14d25b6e
2024-11-25T18:07:05.238+01:00 DEBUG 20629 --- [           main] org.hibernate.type.BasicTypeRegistry     : Adding type registration text -> org.hibernate.type.BasicTypeReference@51c65a43
2024-11-25T18:07:05.238+01:00 DEBUG 20629 --- [           main] org.hibernate.type.BasicTypeRegistry     : Adding type registration ntext -> org.hibernate.type.BasicTypeReference@740dcae3
2024-11-25T18:07:05.239+01:00 DEBUG 20629 --- [           main] org.hibernate.type.BasicTypeRegistry     : Adding type registration clob -> org.hibernate.type.BasicTypeReference@4e140497
2024-11-25T18:07:05.239+01:00 DEBUG 20629 --- [           main] org.hibernate.type.BasicTypeRegistry     : Adding type registration java.sql.Clob -> org.hibernate.type.BasicTypeReference@4e140497
2024-11-25T18:07:05.239+01:00 DEBUG 20629 --- [           main] org.hibernate.type.BasicTypeRegistry     : Adding type registration nclob -> org.hibernate.type.BasicTypeReference@481b2f10
2024-11-25T18:07:05.239+01:00 DEBUG 20629 --- [           main] org.hibernate.type.BasicTypeRegistry     : Adding type registration java.sql.NClob -> org.hibernate.type.BasicTypeReference@481b2f10
2024-11-25T18:07:05.239+01:00 DEBUG 20629 --- [           main] org.hibernate.type.BasicTypeRegistry     : Adding type registration materialized_clob -> org.hibernate.type.BasicTypeReference@2b6c7012
2024-11-25T18:07:05.240+01:00 DEBUG 20629 --- [           main] org.hibernate.type.BasicTypeRegistry     : Adding type registration materialized_clob_char_array -> org.hibernate.type.BasicTypeReference@31acfd4e
2024-11-25T18:07:05.240+01:00 DEBUG 20629 --- [           main] org.hibernate.type.BasicTypeRegistry     : Adding type registration materialized_clob_character_array -> org.hibernate.type.BasicTypeReference@5f726750
2024-11-25T18:07:05.240+01:00 DEBUG 20629 --- [           main] org.hibernate.type.BasicTypeRegistry     : Adding type registration materialized_nclob -> org.hibernate.type.BasicTypeReference@4e80a001
2024-11-25T18:07:05.241+01:00 DEBUG 20629 --- [           main] org.hibernate.type.BasicTypeRegistry     : Adding type registration materialized_nclob_character_array -> org.hibernate.type.BasicTypeReference@624b523
2024-11-25T18:07:05.241+01:00 DEBUG 20629 --- [           main] org.hibernate.type.BasicTypeRegistry     : Adding type registration materialized_nclob_char_array -> org.hibernate.type.BasicTypeReference@50b46e24
2024-11-25T18:07:05.241+01:00 DEBUG 20629 --- [           main] org.hibernate.type.BasicTypeRegistry     : Adding type registration Duration -> org.hibernate.type.BasicTypeReference@1c30cb85
2024-11-25T18:07:05.241+01:00 DEBUG 20629 --- [           main] org.hibernate.type.BasicTypeRegistry     : Adding type registration java.time.Duration -> org.hibernate.type.BasicTypeReference@1c30cb85
2024-11-25T18:07:05.241+01:00 DEBUG 20629 --- [           main] org.hibernate.type.BasicTypeRegistry     : Adding type registration LocalDateTime -> org.hibernate.type.BasicTypeReference@577bf0aa
2024-11-25T18:07:05.242+01:00 DEBUG 20629 --- [           main] org.hibernate.type.BasicTypeRegistry     : Adding type registration java.time.LocalDateTime -> org.hibernate.type.BasicTypeReference@577bf0aa
2024-11-25T18:07:05.242+01:00 DEBUG 20629 --- [           main] org.hibernate.type.BasicTypeRegistry     : Adding type registration LocalDate -> org.hibernate.type.BasicTypeReference@7455dacb
2024-11-25T18:07:05.242+01:00 DEBUG 20629 --- [           main] org.hibernate.type.BasicTypeRegistry     : Adding type registration java.time.LocalDate -> org.hibernate.type.BasicTypeReference@7455dacb
2024-11-25T18:07:05.242+01:00 DEBUG 20629 --- [           main] org.hibernate.type.BasicTypeRegistry     : Adding type registration LocalTime -> org.hibernate.type.BasicTypeReference@7634f2b
2024-11-25T18:07:05.242+01:00 DEBUG 20629 --- [           main] org.hibernate.type.BasicTypeRegistry     : Adding type registration java.time.LocalTime -> org.hibernate.type.BasicTypeReference@7634f2b
2024-11-25T18:07:05.242+01:00 DEBUG 20629 --- [           main] org.hibernate.type.BasicTypeRegistry     : Adding type registration OffsetDateTime -> org.hibernate.type.BasicTypeReference@1d15c0a1
2024-11-25T18:07:05.242+01:00 DEBUG 20629 --- [           main] org.hibernate.type.BasicTypeRegistry     : Adding type registration java.time.OffsetDateTime -> org.hibernate.type.BasicTypeReference@1d15c0a1
2024-11-25T18:07:05.243+01:00 DEBUG 20629 --- [           main] org.hibernate.type.BasicTypeRegistry     : Adding type registration OffsetDateTimeWithTimezone -> org.hibernate.type.BasicTypeReference@15639d09
2024-11-25T18:07:05.243+01:00 DEBUG 20629 --- [           main] org.hibernate.type.BasicTypeRegistry     : Adding type registration OffsetDateTimeWithoutTimezone -> org.hibernate.type.BasicTypeReference@4fba8eec
2024-11-25T18:07:05.244+01:00 DEBUG 20629 --- [           main] org.hibernate.type.BasicTypeRegistry     : Adding type registration OffsetTime -> org.hibernate.type.BasicTypeReference@52bd9a27
2024-11-25T18:07:05.244+01:00 DEBUG 20629 --- [           main] org.hibernate.type.BasicTypeRegistry     : Adding type registration java.time.OffsetTime -> org.hibernate.type.BasicTypeReference@52bd9a27
2024-11-25T18:07:05.244+01:00 DEBUG 20629 --- [           main] org.hibernate.type.BasicTypeRegistry     : Adding type registration OffsetTimeUtc -> org.hibernate.type.BasicTypeReference@611e5819
2024-11-25T18:07:05.244+01:00 DEBUG 20629 --- [           main] org.hibernate.type.BasicTypeRegistry     : Adding type registration OffsetTimeWithTimezone -> org.hibernate.type.BasicTypeReference@681c0ae6
2024-11-25T18:07:05.244+01:00 DEBUG 20629 --- [           main] org.hibernate.type.BasicTypeRegistry     : Adding type registration OffsetTimeWithoutTimezone -> org.hibernate.type.BasicTypeReference@73ca34e7
2024-11-25T18:07:05.245+01:00 DEBUG 20629 --- [           main] org.hibernate.type.BasicTypeRegistry     : Adding type registration ZonedDateTime -> org.hibernate.type.BasicTypeReference@4d98e41b
2024-11-25T18:07:05.245+01:00 DEBUG 20629 --- [           main] org.hibernate.type.BasicTypeRegistry     : Adding type registration java.time.ZonedDateTime -> org.hibernate.type.BasicTypeReference@4d98e41b
2024-11-25T18:07:05.245+01:00 DEBUG 20629 --- [           main] org.hibernate.type.BasicTypeRegistry     : Adding type registration ZonedDateTimeWithTimezone -> org.hibernate.type.BasicTypeReference@5ed5b321
2024-11-25T18:07:05.245+01:00 DEBUG 20629 --- [           main] org.hibernate.type.BasicTypeRegistry     : Adding type registration ZonedDateTimeWithoutTimezone -> org.hibernate.type.BasicTypeReference@5696c927
2024-11-25T18:07:05.245+01:00 DEBUG 20629 --- [           main] org.hibernate.type.BasicTypeRegistry     : Adding type registration date -> org.hibernate.type.BasicTypeReference@7459a21e
2024-11-25T18:07:05.245+01:00 DEBUG 20629 --- [           main] org.hibernate.type.BasicTypeRegistry     : Adding type registration java.sql.Date -> org.hibernate.type.BasicTypeReference@7459a21e
2024-11-25T18:07:05.245+01:00 DEBUG 20629 --- [           main] org.hibernate.type.BasicTypeRegistry     : Adding type registration time -> org.hibernate.type.BasicTypeReference@7eeb38b2
2024-11-25T18:07:05.245+01:00 DEBUG 20629 --- [           main] org.hibernate.type.BasicTypeRegistry     : Adding type registration java.sql.Time -> org.hibernate.type.BasicTypeReference@7eeb38b2
2024-11-25T18:07:05.245+01:00 DEBUG 20629 --- [           main] org.hibernate.type.BasicTypeRegistry     : Adding type registration timestamp -> org.hibernate.type.BasicTypeReference@d54d0f5
2024-11-25T18:07:05.245+01:00 DEBUG 20629 --- [           main] org.hibernate.type.BasicTypeRegistry     : Adding type registration java.sql.Timestamp -> org.hibernate.type.BasicTypeReference@d54d0f5
2024-11-25T18:07:05.245+01:00 DEBUG 20629 --- [           main] org.hibernate.type.BasicTypeRegistry     : Adding type registration java.util.Date -> org.hibernate.type.BasicTypeReference@d54d0f5
2024-11-25T18:07:05.245+01:00 DEBUG 20629 --- [           main] org.hibernate.type.BasicTypeRegistry     : Adding type registration calendar -> org.hibernate.type.BasicTypeReference@6d6bff89
2024-11-25T18:07:05.245+01:00 DEBUG 20629 --- [           main] org.hibernate.type.BasicTypeRegistry     : Adding type registration java.util.Calendar -> org.hibernate.type.BasicTypeReference@6d6bff89
2024-11-25T18:07:05.245+01:00 DEBUG 20629 --- [           main] org.hibernate.type.BasicTypeRegistry     : Adding type registration java.util.GregorianCalendar -> org.hibernate.type.BasicTypeReference@6d6bff89
2024-11-25T18:07:05.245+01:00 DEBUG 20629 --- [           main] org.hibernate.type.BasicTypeRegistry     : Adding type registration calendar_date -> org.hibernate.type.BasicTypeReference@541bf968
2024-11-25T18:07:05.246+01:00 DEBUG 20629 --- [           main] org.hibernate.type.BasicTypeRegistry     : Adding type registration calendar_time -> org.hibernate.type.BasicTypeReference@739265f1
2024-11-25T18:07:05.248+01:00 DEBUG 20629 --- [           main] org.hibernate.type.BasicTypeRegistry     : Adding type registration instant -> org.hibernate.type.BasicTypeReference@58eac00e
2024-11-25T18:07:05.249+01:00 DEBUG 20629 --- [           main] org.hibernate.type.BasicTypeRegistry     : Adding type registration java.time.Instant -> org.hibernate.type.BasicTypeReference@58eac00e
2024-11-25T18:07:05.250+01:00 DEBUG 20629 --- [           main] org.hibernate.type.BasicTypeRegistry     : Adding type registration uuid -> org.hibernate.type.BasicTypeReference@6acffb2d
2024-11-25T18:07:05.251+01:00 DEBUG 20629 --- [           main] org.hibernate.type.BasicTypeRegistry     : Adding type registration java.util.UUID -> org.hibernate.type.BasicTypeReference@6acffb2d
2024-11-25T18:07:05.251+01:00 DEBUG 20629 --- [           main] org.hibernate.type.BasicTypeRegistry     : Adding type registration pg-uuid -> org.hibernate.type.BasicTypeReference@6acffb2d
2024-11-25T18:07:05.251+01:00 DEBUG 20629 --- [           main] org.hibernate.type.BasicTypeRegistry     : Adding type registration uuid-binary -> org.hibernate.type.BasicTypeReference@61149fa5
2024-11-25T18:07:05.251+01:00 DEBUG 20629 --- [           main] org.hibernate.type.BasicTypeRegistry     : Adding type registration uuid-char -> org.hibernate.type.BasicTypeReference@149c39b
2024-11-25T18:07:05.251+01:00 DEBUG 20629 --- [           main] org.hibernate.type.BasicTypeRegistry     : Adding type registration class -> org.hibernate.type.BasicTypeReference@f2d890c
2024-11-25T18:07:05.253+01:00 DEBUG 20629 --- [           main] org.hibernate.type.BasicTypeRegistry     : Adding type registration java.lang.Class -> org.hibernate.type.BasicTypeReference@f2d890c
2024-11-25T18:07:05.256+01:00 DEBUG 20629 --- [           main] org.hibernate.type.BasicTypeRegistry     : Adding type registration currency -> org.hibernate.type.BasicTypeReference@1a2e0d57
2024-11-25T18:07:05.256+01:00 DEBUG 20629 --- [           main] org.hibernate.type.BasicTypeRegistry     : Adding type registration Currency -> org.hibernate.type.BasicTypeReference@1a2e0d57
2024-11-25T18:07:05.256+01:00 DEBUG 20629 --- [           main] org.hibernate.type.BasicTypeRegistry     : Adding type registration java.util.Currency -> org.hibernate.type.BasicTypeReference@1a2e0d57
2024-11-25T18:07:05.256+01:00 DEBUG 20629 --- [           main] org.hibernate.type.BasicTypeRegistry     : Adding type registration locale -> org.hibernate.type.BasicTypeReference@5f025000
2024-11-25T18:07:05.257+01:00 DEBUG 20629 --- [           main] org.hibernate.type.BasicTypeRegistry     : Adding type registration java.util.Locale -> org.hibernate.type.BasicTypeReference@5f025000
2024-11-25T18:07:05.257+01:00 DEBUG 20629 --- [           main] org.hibernate.type.BasicTypeRegistry     : Adding type registration serializable -> org.hibernate.type.BasicTypeReference@10980560
2024-11-25T18:07:05.257+01:00 DEBUG 20629 --- [           main] org.hibernate.type.BasicTypeRegistry     : Adding type registration java.io.Serializable -> org.hibernate.type.BasicTypeReference@10980560
2024-11-25T18:07:05.257+01:00 DEBUG 20629 --- [           main] org.hibernate.type.BasicTypeRegistry     : Adding type registration timezone -> org.hibernate.type.BasicTypeReference@739e8b96
2024-11-25T18:07:05.257+01:00 DEBUG 20629 --- [           main] org.hibernate.type.BasicTypeRegistry     : Adding type registration java.util.TimeZone -> org.hibernate.type.BasicTypeReference@739e8b96
2024-11-25T18:07:05.257+01:00 DEBUG 20629 --- [           main] org.hibernate.type.BasicTypeRegistry     : Adding type registration ZoneOffset -> org.hibernate.type.BasicTypeReference@19b07407
2024-11-25T18:07:05.257+01:00 DEBUG 20629 --- [           main] org.hibernate.type.BasicTypeRegistry     : Adding type registration java.time.ZoneOffset -> org.hibernate.type.BasicTypeReference@19b07407
2024-11-25T18:07:05.257+01:00 DEBUG 20629 --- [           main] org.hibernate.type.BasicTypeRegistry     : Adding type registration url -> org.hibernate.type.BasicTypeReference@54ffa561
2024-11-25T18:07:05.258+01:00 DEBUG 20629 --- [           main] org.hibernate.type.BasicTypeRegistry     : Adding type registration java.net.URL -> org.hibernate.type.BasicTypeReference@54ffa561
2024-11-25T18:07:05.258+01:00 DEBUG 20629 --- [           main] org.hibernate.type.BasicTypeRegistry     : Adding type registration vector -> org.hibernate.type.BasicTypeReference@49c099b
2024-11-25T18:07:05.258+01:00 DEBUG 20629 --- [           main] org.hibernate.type.BasicTypeRegistry     : Adding type registration row_version -> org.hibernate.type.BasicTypeReference@3d9f0a5
2024-11-25T18:07:05.266+01:00 DEBUG 20629 --- [           main] org.hibernate.type.BasicTypeRegistry     : Adding type registration object -> org.hibernate.type.JavaObjectType@415a3f6a
2024-11-25T18:07:05.267+01:00 DEBUG 20629 --- [           main] org.hibernate.type.BasicTypeRegistry     : Adding type registration java.lang.Object -> org.hibernate.type.JavaObjectType@415a3f6a
2024-11-25T18:07:05.268+01:00 DEBUG 20629 --- [           main] org.hibernate.type.BasicTypeRegistry     : Adding type registration null -> org.hibernate.type.NullType@2eb60c71
2024-11-25T18:07:05.268+01:00 DEBUG 20629 --- [           main] org.hibernate.type.BasicTypeRegistry     : Adding type registration imm_date -> org.hibernate.type.BasicTypeReference@87d9a01
2024-11-25T18:07:05.268+01:00 DEBUG 20629 --- [           main] org.hibernate.type.BasicTypeRegistry     : Adding type registration imm_time -> org.hibernate.type.BasicTypeReference@7e5b621b
2024-11-25T18:07:05.268+01:00 DEBUG 20629 --- [           main] org.hibernate.type.BasicTypeRegistry     : Adding type registration imm_timestamp -> org.hibernate.type.BasicTypeReference@10177794
2024-11-25T18:07:05.268+01:00 DEBUG 20629 --- [           main] org.hibernate.type.BasicTypeRegistry     : Adding type registration imm_calendar -> org.hibernate.type.BasicTypeReference@e5c2463
2024-11-25T18:07:05.268+01:00 DEBUG 20629 --- [           main] org.hibernate.type.BasicTypeRegistry     : Adding type registration imm_calendar_date -> org.hibernate.type.BasicTypeReference@6a950a3b
2024-11-25T18:07:05.268+01:00 DEBUG 20629 --- [           main] org.hibernate.type.BasicTypeRegistry     : Adding type registration imm_calendar_time -> org.hibernate.type.BasicTypeReference@4f7be6c8
2024-11-25T18:07:05.268+01:00 DEBUG 20629 --- [           main] org.hibernate.type.BasicTypeRegistry     : Adding type registration imm_binary -> org.hibernate.type.BasicTypeReference@647b9364
2024-11-25T18:07:05.269+01:00 DEBUG 20629 --- [           main] org.hibernate.type.BasicTypeRegistry     : Adding type registration imm_serializable -> org.hibernate.type.BasicTypeReference@b6bccb4
2024-11-25T18:07:05.593+01:00  INFO 20629 --- [           main] o.s.o.j.p.SpringPersistenceUnitInfo      : No LoadTimeWeaver setup: ignoring JPA class transformer
2024-11-25T18:07:05.650+01:00  INFO 20629 --- [           main] com.zaxxer.hikari.HikariDataSource       : HikariPool-1 - Starting...
2024-11-25T18:07:06.122+01:00  INFO 20629 --- [           main] com.zaxxer.hikari.pool.HikariPool        : HikariPool-1 - Added connection com.mysql.cj.jdbc.ConnectionImpl@22aee519
2024-11-25T18:07:06.126+01:00  INFO 20629 --- [           main] com.zaxxer.hikari.HikariDataSource       : HikariPool-1 - Start completed.
2024-11-25T18:07:06.243+01:00 DEBUG 20629 --- [           main] o.h.t.d.sql.spi.DdlTypeRegistry          : addDescriptor(12, org.hibernate.type.descriptor.sql.internal.CapacityDependentDdlType@2d4e99de) replaced previous registration(org.hibernate.type.descriptor.sql.internal.CapacityDependentDdlType@580ffea)
2024-11-25T18:07:06.244+01:00 DEBUG 20629 --- [           main] o.h.t.d.sql.spi.DdlTypeRegistry          : addDescriptor(-9, org.hibernate.type.descriptor.sql.internal.CapacityDependentDdlType@191e654) replaced previous registration(org.hibernate.type.descriptor.sql.internal.CapacityDependentDdlType@3a6556b6)
2024-11-25T18:07:06.245+01:00 DEBUG 20629 --- [           main] o.h.t.d.sql.spi.DdlTypeRegistry          : addDescriptor(-3, org.hibernate.type.descriptor.sql.internal.CapacityDependentDdlType@63bca84d) replaced previous registration(org.hibernate.type.descriptor.sql.internal.CapacityDependentDdlType@6141647f)
2024-11-25T18:07:06.249+01:00 DEBUG 20629 --- [           main] o.h.t.d.sql.spi.DdlTypeRegistry          : addDescriptor(4003, org.hibernate.type.descriptor.sql.internal.DdlTypeImpl@6f6c8d45) replaced previous registration(org.hibernate.type.descriptor.sql.internal.DdlTypeImpl@7f2ca6f8)
2024-11-25T18:07:06.250+01:00 DEBUG 20629 --- [           main] o.h.t.d.sql.spi.DdlTypeRegistry          : addDescriptor(4001, org.hibernate.type.descriptor.sql.internal.DdlTypeImpl@79d49790) replaced previous registration(org.hibernate.type.descriptor.sql.internal.DdlTypeImpl@13dc6649)
2024-11-25T18:07:06.252+01:00 DEBUG 20629 --- [           main] o.h.t.d.sql.spi.DdlTypeRegistry          : addDescriptor(4002, org.hibernate.type.descriptor.sql.internal.DdlTypeImpl@1851c7d2) replaced previous registration(org.hibernate.type.descriptor.sql.internal.DdlTypeImpl@250a946)
2024-11-25T18:07:06.253+01:00 DEBUG 20629 --- [           main] o.h.t.d.sql.spi.DdlTypeRegistry          : addDescriptor(2004, org.hibernate.type.descriptor.sql.internal.CapacityDependentDdlType@5fe5c68b) replaced previous registration(org.hibernate.type.descriptor.sql.internal.DdlTypeImpl@2ffb0d10)
2024-11-25T18:07:06.254+01:00 DEBUG 20629 --- [           main] o.h.t.d.sql.spi.DdlTypeRegistry          : addDescriptor(2005, org.hibernate.type.descriptor.sql.internal.CapacityDependentDdlType@3982206a) replaced previous registration(org.hibernate.type.descriptor.sql.internal.DdlTypeImpl@3e9fb485)
2024-11-25T18:07:06.255+01:00 DEBUG 20629 --- [           main] o.h.t.d.sql.spi.DdlTypeRegistry          : addDescriptor(2011, org.hibernate.type.descriptor.sql.internal.CapacityDependentDdlType@4f3fec43) replaced previous registration(org.hibernate.type.descriptor.sql.internal.DdlTypeImpl@38dbeb39)
2024-11-25T18:07:06.257+01:00 DEBUG 20629 --- [           main] o.h.t.d.jdbc.spi.JdbcTypeRegistry        : addDescriptor(NCharTypeDescriptor) replaced previous registration(CharTypeDescriptor)
2024-11-25T18:07:06.258+01:00 DEBUG 20629 --- [           main] o.h.t.d.jdbc.spi.JdbcTypeRegistry        : addDescriptor(NVarcharTypeDescriptor) replaced previous registration(VarcharTypeDescriptor)
2024-11-25T18:07:06.258+01:00 DEBUG 20629 --- [           main] o.h.t.d.jdbc.spi.JdbcTypeRegistry        : addDescriptor(LongNVarcharTypeDescriptor) replaced previous registration(LongVarcharTypeDescriptor)
2024-11-25T18:07:06.260+01:00 DEBUG 20629 --- [           main] o.h.t.d.jdbc.spi.JdbcTypeRegistry        : addDescriptor(NClobTypeDescriptor(DEFAULT)) replaced previous registration(ClobTypeDescriptor(DEFAULT))
2024-11-25T18:07:06.261+01:00 DEBUG 20629 --- [           main] o.h.t.d.jdbc.spi.JdbcTypeRegistry        : addDescriptor(2005, ClobTypeDescriptor(STREAM_BINDING)) replaced previous registration(ClobTypeDescriptor(DEFAULT))
2024-11-25T18:07:06.278+01:00 DEBUG 20629 --- [           main] org.hibernate.type.BasicTypeRegistry     : Adding type registration null -> org.hibernate.type.NullType@177ddd24
2024-11-25T18:07:06.278+01:00 DEBUG 20629 --- [           main] org.hibernate.type.BasicTypeRegistry     : Type registration key [null] overrode previous entry : `org.hibernate.type.NullType@2eb60c71`
2024-11-25T18:07:06.283+01:00 DEBUG 20629 --- [           main] org.hibernate.type.BasicTypeRegistry     : Adding type registration org.hibernate.type.DurationType -> basicType@1(java.time.Duration,3015)
2024-11-25T18:07:06.283+01:00 DEBUG 20629 --- [           main] org.hibernate.type.BasicTypeRegistry     : Adding type registration Duration -> basicType@1(java.time.Duration,3015)
2024-11-25T18:07:06.283+01:00 DEBUG 20629 --- [           main] org.hibernate.type.BasicTypeRegistry     : Adding type registration java.time.Duration -> basicType@1(java.time.Duration,3015)
2024-11-25T18:07:06.289+01:00 DEBUG 20629 --- [           main] org.hibernate.type.BasicTypeRegistry     : Adding type registration org.hibernate.type.OffsetDateTimeType -> basicType@2(java.time.OffsetDateTime,3003)
2024-11-25T18:07:06.289+01:00 DEBUG 20629 --- [           main] org.hibernate.type.BasicTypeRegistry     : Adding type registration OffsetDateTime -> basicType@2(java.time.OffsetDateTime,3003)
2024-11-25T18:07:06.289+01:00 DEBUG 20629 --- [           main] org.hibernate.type.BasicTypeRegistry     : Adding type registration java.time.OffsetDateTime -> basicType@2(java.time.OffsetDateTime,3003)
2024-11-25T18:07:06.289+01:00 DEBUG 20629 --- [           main] org.hibernate.type.BasicTypeRegistry     : Adding type registration org.hibernate.type.ZonedDateTimeType -> basicType@3(java.time.ZonedDateTime,3003)
2024-11-25T18:07:06.289+01:00 DEBUG 20629 --- [           main] org.hibernate.type.BasicTypeRegistry     : Adding type registration ZonedDateTime -> basicType@3(java.time.ZonedDateTime,3003)
2024-11-25T18:07:06.289+01:00 DEBUG 20629 --- [           main] org.hibernate.type.BasicTypeRegistry     : Adding type registration java.time.ZonedDateTime -> basicType@3(java.time.ZonedDateTime,3003)
2024-11-25T18:07:06.290+01:00 DEBUG 20629 --- [           main] org.hibernate.type.BasicTypeRegistry     : Adding type registration org.hibernate.type.OffsetTimeType -> basicType@4(java.time.OffsetTime,3007)
2024-11-25T18:07:06.290+01:00 DEBUG 20629 --- [           main] org.hibernate.type.BasicTypeRegistry     : Adding type registration OffsetTime -> basicType@4(java.time.OffsetTime,3007)
2024-11-25T18:07:06.290+01:00 DEBUG 20629 --- [           main] org.hibernate.type.BasicTypeRegistry     : Adding type registration java.time.OffsetTime -> basicType@4(java.time.OffsetTime,3007)
2024-11-25T18:07:06.292+01:00 DEBUG 20629 --- [           main] o.h.type.spi.TypeConfiguration$Scope     : Scoping TypeConfiguration [org.hibernate.type.spi.TypeConfiguration@7283877] to MetadataBuildingContext [org.hibernate.boot.internal.MetadataBuildingContextRootImpl@286a4c52]
2024-11-25T18:07:07.658+01:00  INFO 20629 --- [           main] o.h.e.t.j.p.i.JtaPlatformInitiator       : HHH000489: No JTA platform available (set 'hibernate.transaction.jta.platform' to enable JTA platform integration)
2024-11-25T18:07:07.664+01:00 DEBUG 20629 --- [           main] o.h.type.spi.TypeConfiguration$Scope     : Scoping TypeConfiguration [org.hibernate.type.spi.TypeConfiguration@7283877] to SessionFactoryImplementor [org.hibernate.internal.SessionFactoryImpl@166a5659]
2024-11-25T18:07:07.723+01:00 TRACE 20629 --- [           main] o.h.type.spi.TypeConfiguration$Scope     : Handling #sessionFactoryCreated from [org.hibernate.internal.SessionFactoryImpl@166a5659] for TypeConfiguration
2024-11-25T18:07:07.724+01:00  INFO 20629 --- [           main] j.LocalContainerEntityManagerFactoryBean : Initialized JPA EntityManagerFactory for persistence unit 'default'
2024-11-25T18:07:08.500+01:00  WARN 20629 --- [           main] JpaBaseConfiguration$JpaWebConfiguration : spring.jpa.open-in-view is enabled by default. Therefore, database queries may be performed during view rendering. Explicitly configure spring.jpa.open-in-view to disable this warning
2024-11-25T18:07:09.317+01:00  INFO 20629 --- [           main] c.v.project.ProjectApplicationTests      : Started ProjectApplicationTests in 7.316 seconds (process running for 9.177)
]]></system-out>
  </testcase>
</testsuite>