<?xml version="1.0" encoding="UTF-8"?>
<testsuite xmlns:xsi="http://www.w3.org/2001/XMLSchema-instance" xsi:noNamespaceSchemaLocation="https://maven.apache.org/surefire/maven-surefire-plugin/xsd/surefire-test-report-3.0.xsd" version="3.0" name="com.vedruna.project.ProjectApplicationTests" time="10.331" tests="1" errors="0" skipped="0" failures="0">
  <properties>
[...]
</properties>
  <testcase name="contextLoads" classname="com.vedruna.project.ProjectApplicationTests" time="0.702">
    <system-out><![CDATA[18:53:10.694 [main] INFO org.springframework.test.context.support.AnnotationConfigContextLoaderUtils -- Could not detect default configuration classes for test class [com.vedruna.project.ProjectApplicationTests]: ProjectApplicationTests does not declare any static, non-private, non-final, nested classes annotated with @Configuration.
18:53:10.869 [main] INFO org.springframework.boot.test.context.SpringBootTestContextBootstrapper -- Found @SpringBootConfiguration com.vedruna.project.ProjectApplication for test class com.vedruna.project.ProjectApplicationTests
18:53:11.074 [main] INFO org.springframework.boot.devtools.restart.RestartApplicationListener -- Restart disabled due to context in which it is running

  .   ____          _            __ _ _
 /\\ / ___'_ __ _ _(_)_ __  __ _ \ \ \ \
( ( )\___ | '_ | '_| | '_ \/ _` | \ \ \ \
 \\/  ___)| |_)| | | | | || (_| |  ) ) ) )
  '  |____| .__|_| |_|_| |_\__, | / / / /
 =========|_|==============|___/=/_/_/_/

 :: Spring Boot ::                (v3.3.5)

2024-11-30T18:53:11.480+01:00  INFO 31311 --- [           main] c.v.project.ProjectApplicationTests      : Starting ProjectApplicationTests using Java 17.0.1 with PID 31311 (started by ivansanchezsanchez in /Users/ivansanchezsanchez/Desktop/ApiRest-Project1Trim)
2024-11-30T18:53:11.483+01:00  INFO 31311 --- [           main] c.v.project.ProjectApplicationTests      : No active profile set, falling back to 1 default profile: "default"
2024-11-30T18:53:13.259+01:00  INFO 31311 --- [           main] .s.d.r.c.RepositoryConfigurationDelegate : Bootstrapping Spring Data JPA repositories in DEFAULT mode.
2024-11-30T18:53:13.431+01:00  INFO 31311 --- [           main] .s.d.r.c.RepositoryConfigurationDelegate : Finished Spring Data repository scanning in 165 ms. Found 4 JPA repository interfaces.
2024-11-30T18:53:14.269+01:00  INFO 31311 --- [           main] o.hibernate.jpa.internal.util.LogHelper  : HHH000204: Processing PersistenceUnitInfo [name: default]
2024-11-30T18:53:14.325+01:00  INFO 31311 --- [           main] org.hibernate.Version                    : HHH000412: Hibernate ORM core version 6.5.3.Final
2024-11-30T18:53:14.358+01:00  INFO 31311 --- [           main] o.h.c.internal.RegionFactoryInitiator    : HHH000026: Second-level cache disabled
2024-11-30T18:53:14.415+01:00 DEBUG 31311 --- [           main] org.hibernate.type.BasicTypeRegistry     : Adding type registration boolean -> org.hibernate.type.BasicTypeReference@3e28d779
2024-11-30T18:53:14.415+01:00 DEBUG 31311 --- [           main] org.hibernate.type.BasicTypeRegistry     : Adding type registration boolean -> org.hibernate.type.BasicTypeReference@3e28d779
2024-11-30T18:53:14.415+01:00 DEBUG 31311 --- [           main] org.hibernate.type.BasicTypeRegistry     : Adding type registration java.lang.Boolean -> org.hibernate.type.BasicTypeReference@3e28d779
2024-11-30T18:53:14.415+01:00 DEBUG 31311 --- [           main] org.hibernate.type.BasicTypeRegistry     : Adding type registration numeric_boolean -> org.hibernate.type.BasicTypeReference@15214920
2024-11-30T18:53:14.415+01:00 DEBUG 31311 --- [           main] org.hibernate.type.BasicTypeRegistry     : Adding type registration org.hibernate.type.NumericBooleanConverter -> org.hibernate.type.BasicTypeReference@15214920
2024-11-30T18:53:14.415+01:00 DEBUG 31311 --- [           main] org.hibernate.type.BasicTypeRegistry     : Adding type registration true_false -> org.hibernate.type.BasicTypeReference@784d9bc
2024-11-30T18:53:14.415+01:00 DEBUG 31311 --- [           main] org.hibernate.type.BasicTypeRegistry     : Adding type registration org.hibernate.type.TrueFalseConverter -> org.hibernate.type.BasicTypeReference@784d9bc
2024-11-30T18:53:14.415+01:00 DEBUG 31311 --- [           main] org.hibernate.type.BasicTypeRegistry     : Adding type registration yes_no -> org.hibernate.type.BasicTypeReference@3a0aaaf0
2024-11-30T18:53:14.416+01:00 DEBUG 31311 --- [           main] org.hibernate.type.BasicTypeRegistry     : Adding type registration org.hibernate.type.YesNoConverter -> org.hibernate.type.BasicTypeReference@3a0aaaf0
2024-11-30T18:53:14.416+01:00 DEBUG 31311 --- [           main] org.hibernate.type.BasicTypeRegistry     : Adding type registration byte -> org.hibernate.type.BasicTypeReference@426131d7
2024-11-30T18:53:14.416+01:00 DEBUG 31311 --- [           main] org.hibernate.type.BasicTypeRegistry     : Adding type registration byte -> org.hibernate.type.BasicTypeReference@426131d7
2024-11-30T18:53:14.416+01:00 DEBUG 31311 --- [           main] org.hibernate.type.BasicTypeRegistry     : Adding type registration java.lang.Byte -> org.hibernate.type.BasicTypeReference@426131d7
2024-11-30T18:53:14.416+01:00 DEBUG 31311 --- [           main] org.hibernate.type.BasicTypeRegistry     : Adding type registration binary -> org.hibernate.type.BasicTypeReference@5d9618f2
2024-11-30T18:53:14.416+01:00 DEBUG 31311 --- [           main] org.hibernate.type.BasicTypeRegistry     : Adding type registration byte[] -> org.hibernate.type.BasicTypeReference@5d9618f2
2024-11-30T18:53:14.416+01:00 DEBUG 31311 --- [           main] org.hibernate.type.BasicTypeRegistry     : Adding type registration [B -> org.hibernate.type.BasicTypeReference@5d9618f2
2024-11-30T18:53:14.417+01:00 DEBUG 31311 --- [           main] org.hibernate.type.BasicTypeRegistry     : Adding type registration binary_wrapper -> org.hibernate.type.BasicTypeReference@58687fb7
2024-11-30T18:53:14.417+01:00 DEBUG 31311 --- [           main] org.hibernate.type.BasicTypeRegistry     : Adding type registration wrapper-binary -> org.hibernate.type.BasicTypeReference@58687fb7
2024-11-30T18:53:14.417+01:00 DEBUG 31311 --- [           main] org.hibernate.type.BasicTypeRegistry     : Adding type registration image -> org.hibernate.type.BasicTypeReference@3554bdc0
2024-11-30T18:53:14.417+01:00 DEBUG 31311 --- [           main] org.hibernate.type.BasicTypeRegistry     : Adding type registration blob -> org.hibernate.type.BasicTypeReference@3a3b10f4
2024-11-30T18:53:14.419+01:00 DEBUG 31311 --- [           main] org.hibernate.type.BasicTypeRegistry     : Adding type registration java.sql.Blob -> org.hibernate.type.BasicTypeReference@3a3b10f4
2024-11-30T18:53:14.419+01:00 DEBUG 31311 --- [           main] org.hibernate.type.BasicTypeRegistry     : Adding type registration materialized_blob -> org.hibernate.type.BasicTypeReference@49580ca8
2024-11-30T18:53:14.420+01:00 DEBUG 31311 --- [           main] org.hibernate.type.BasicTypeRegistry     : Adding type registration materialized_blob_wrapper -> org.hibernate.type.BasicTypeReference@525647f3
2024-11-30T18:53:14.420+01:00 DEBUG 31311 --- [           main] org.hibernate.type.BasicTypeRegistry     : Adding type registration short -> org.hibernate.type.BasicTypeReference@42fc4ac4
2024-11-30T18:53:14.420+01:00 DEBUG 31311 --- [           main] org.hibernate.type.BasicTypeRegistry     : Adding type registration short -> org.hibernate.type.BasicTypeReference@42fc4ac4
2024-11-30T18:53:14.420+01:00 DEBUG 31311 --- [           main] org.hibernate.type.BasicTypeRegistry     : Adding type registration java.lang.Short -> org.hibernate.type.BasicTypeReference@42fc4ac4
2024-11-30T18:53:14.420+01:00 DEBUG 31311 --- [           main] org.hibernate.type.BasicTypeRegistry     : Adding type registration integer -> org.hibernate.type.BasicTypeReference@20a24edf
2024-11-30T18:53:14.420+01:00 DEBUG 31311 --- [           main] org.hibernate.type.BasicTypeRegistry     : Adding type registration int -> org.hibernate.type.BasicTypeReference@20a24edf
2024-11-30T18:53:14.420+01:00 DEBUG 31311 --- [           main] org.hibernate.type.BasicTypeRegistry     : Adding type registration java.lang.Integer -> org.hibernate.type.BasicTypeReference@20a24edf
2024-11-30T18:53:14.421+01:00 DEBUG 31311 --- [           main] org.hibernate.type.BasicTypeRegistry     : Adding type registration long -> org.hibernate.type.BasicTypeReference@29962b2f
2024-11-30T18:53:14.422+01:00 DEBUG 31311 --- [           main] org.hibernate.type.BasicTypeRegistry     : Adding type registration long -> org.hibernate.type.BasicTypeReference@29962b2f
2024-11-30T18:53:14.422+01:00 DEBUG 31311 --- [           main] org.hibernate.type.BasicTypeRegistry     : Adding type registration java.lang.Long -> org.hibernate.type.BasicTypeReference@29962b2f
2024-11-30T18:53:14.422+01:00 DEBUG 31311 --- [           main] org.hibernate.type.BasicTypeRegistry     : Adding type registration float -> org.hibernate.type.BasicTypeReference@491f8831
2024-11-30T18:53:14.422+01:00 DEBUG 31311 --- [           main] org.hibernate.type.BasicTypeRegistry     : Adding type registration float -> org.hibernate.type.BasicTypeReference@491f8831
2024-11-30T18:53:14.422+01:00 DEBUG 31311 --- [           main] org.hibernate.type.BasicTypeRegistry     : Adding type registration java.lang.Float -> org.hibernate.type.BasicTypeReference@491f8831
2024-11-30T18:53:14.422+01:00 DEBUG 31311 --- [           main] org.hibernate.type.BasicTypeRegistry     : Adding type registration double -> org.hibernate.type.BasicTypeReference@691541bc
2024-11-30T18:53:14.422+01:00 DEBUG 31311 --- [           main] org.hibernate.type.BasicTypeRegistry     : Adding type registration double -> org.hibernate.type.BasicTypeReference@691541bc
2024-11-30T18:53:14.423+01:00 DEBUG 31311 --- [           main] org.hibernate.type.BasicTypeRegistry     : Adding type registration java.lang.Double -> org.hibernate.type.BasicTypeReference@691541bc
2024-11-30T18:53:14.423+01:00 DEBUG 31311 --- [           main] org.hibernate.type.BasicTypeRegistry     : Adding type registration big_integer -> org.hibernate.type.BasicTypeReference@5b733ef7
2024-11-30T18:53:14.423+01:00 DEBUG 31311 --- [           main] org.hibernate.type.BasicTypeRegistry     : Adding type registration java.math.BigInteger -> org.hibernate.type.BasicTypeReference@5b733ef7
2024-11-30T18:53:14.423+01:00 DEBUG 31311 --- [           main] org.hibernate.type.BasicTypeRegistry     : Adding type registration big_decimal -> org.hibernate.type.BasicTypeReference@43a4a9e5
2024-11-30T18:53:14.424+01:00 DEBUG 31311 --- [           main] org.hibernate.type.BasicTypeRegistry     : Adding type registration java.math.BigDecimal -> org.hibernate.type.BasicTypeReference@43a4a9e5
2024-11-30T18:53:14.424+01:00 DEBUG 31311 --- [           main] org.hibernate.type.BasicTypeRegistry     : Adding type registration character -> org.hibernate.type.BasicTypeReference@764fffa0
2024-11-30T18:53:14.424+01:00 DEBUG 31311 --- [           main] org.hibernate.type.BasicTypeRegistry     : Adding type registration char -> org.hibernate.type.BasicTypeReference@764fffa0
2024-11-30T18:53:14.426+01:00 DEBUG 31311 --- [           main] org.hibernate.type.BasicTypeRegistry     : Adding type registration java.lang.Character -> org.hibernate.type.BasicTypeReference@764fffa0
2024-11-30T18:53:14.427+01:00 DEBUG 31311 --- [           main] org.hibernate.type.BasicTypeRegistry     : Adding type registration character_nchar -> org.hibernate.type.BasicTypeReference@35145874
2024-11-30T18:53:14.427+01:00 DEBUG 31311 --- [           main] org.hibernate.type.BasicTypeRegistry     : Adding type registration string -> org.hibernate.type.BasicTypeReference@77524ca7
2024-11-30T18:53:14.427+01:00 DEBUG 31311 --- [           main] org.hibernate.type.BasicTypeRegistry     : Adding type registration java.lang.String -> org.hibernate.type.BasicTypeReference@77524ca7
2024-11-30T18:53:14.427+01:00 DEBUG 31311 --- [           main] org.hibernate.type.BasicTypeRegistry     : Adding type registration nstring -> org.hibernate.type.BasicTypeReference@11df2829
2024-11-30T18:53:14.427+01:00 DEBUG 31311 --- [           main] org.hibernate.type.BasicTypeRegistry     : Adding type registration characters -> org.hibernate.type.BasicTypeReference@18e4674d
2024-11-30T18:53:14.427+01:00 DEBUG 31311 --- [           main] org.hibernate.type.BasicTypeRegistry     : Adding type registration char[] -> org.hibernate.type.BasicTypeReference@18e4674d
2024-11-30T18:53:14.427+01:00 DEBUG 31311 --- [           main] org.hibernate.type.BasicTypeRegistry     : Adding type registration [C -> org.hibernate.type.BasicTypeReference@18e4674d
2024-11-30T18:53:14.427+01:00 DEBUG 31311 --- [           main] org.hibernate.type.BasicTypeRegistry     : Adding type registration wrapper-characters -> org.hibernate.type.BasicTypeReference@f245bdd
2024-11-30T18:53:14.427+01:00 DEBUG 31311 --- [           main] org.hibernate.type.BasicTypeRegistry     : Adding type registration text -> org.hibernate.type.BasicTypeReference@6af609ea
2024-11-30T18:53:14.427+01:00 DEBUG 31311 --- [           main] org.hibernate.type.BasicTypeRegistry     : Adding type registration ntext -> org.hibernate.type.BasicTypeReference@280fafd
2024-11-30T18:53:14.427+01:00 DEBUG 31311 --- [           main] org.hibernate.type.BasicTypeRegistry     : Adding type registration clob -> org.hibernate.type.BasicTypeReference@39e53bef
2024-11-30T18:53:14.428+01:00 DEBUG 31311 --- [           main] org.hibernate.type.BasicTypeRegistry     : Adding type registration java.sql.Clob -> org.hibernate.type.BasicTypeReference@39e53bef
2024-11-30T18:53:14.428+01:00 DEBUG 31311 --- [           main] org.hibernate.type.BasicTypeRegistry     : Adding type registration nclob -> org.hibernate.type.BasicTypeReference@14b275bd
2024-11-30T18:53:14.428+01:00 DEBUG 31311 --- [           main] org.hibernate.type.BasicTypeRegistry     : Adding type registration java.sql.NClob -> org.hibernate.type.BasicTypeReference@14b275bd
2024-11-30T18:53:14.429+01:00 DEBUG 31311 --- [           main] org.hibernate.type.BasicTypeRegistry     : Adding type registration materialized_clob -> org.hibernate.type.BasicTypeReference@4ed18798
2024-11-30T18:53:14.429+01:00 DEBUG 31311 --- [           main] org.hibernate.type.BasicTypeRegistry     : Adding type registration materialized_clob_char_array -> org.hibernate.type.BasicTypeReference@4b03cbad
2024-11-30T18:53:14.429+01:00 DEBUG 31311 --- [           main] org.hibernate.type.BasicTypeRegistry     : Adding type registration materialized_clob_character_array -> org.hibernate.type.BasicTypeReference@5b29ab61
2024-11-30T18:53:14.429+01:00 DEBUG 31311 --- [           main] org.hibernate.type.BasicTypeRegistry     : Adding type registration materialized_nclob -> org.hibernate.type.BasicTypeReference@5c313224
2024-11-30T18:53:14.429+01:00 DEBUG 31311 --- [           main] org.hibernate.type.BasicTypeRegistry     : Adding type registration materialized_nclob_character_array -> org.hibernate.type.BasicTypeReference@1e1e837d
2024-11-30T18:53:14.429+01:00 DEBUG 31311 --- [           main] org.hibernate.type.BasicTypeRegistry     : Adding type registration materialized_nclob_char_array -> org.hibernate.type.BasicTypeReference@4b957db0
2024-11-30T18:53:14.429+01:00 DEBUG 31311 --- [           main] org.hibernate.type.BasicTypeRegistry     : Adding type registration Duration -> org.hibernate.type.BasicTypeReference@5d71b500
2024-11-30T18:53:14.430+01:00 DEBUG 31311 --- [           main] org.hibernate.type.BasicTypeRegistry     : Adding type registration java.time.Duration -> org.hibernate.type.BasicTypeReference@5d71b500
2024-11-30T18:53:14.430+01:00 DEBUG 31311 --- [           main] org.hibernate.type.BasicTypeRegistry     : Adding type registration LocalDateTime -> org.hibernate.type.BasicTypeReference@8840c98
2024-11-30T18:53:14.430+01:00 DEBUG 31311 --- [           main] org.hibernate.type.BasicTypeRegistry     : Adding type registration java.time.LocalDateTime -> org.hibernate.type.BasicTypeReference@8840c98
2024-11-30T18:53:14.430+01:00 DEBUG 31311 --- [           main] org.hibernate.type.BasicTypeRegistry     : Adding type registration LocalDate -> org.hibernate.type.BasicTypeReference@626b639e
2024-11-30T18:53:14.430+01:00 DEBUG 31311 --- [           main] org.hibernate.type.BasicTypeRegistry     : Adding type registration java.time.LocalDate -> org.hibernate.type.BasicTypeReference@626b639e
2024-11-30T18:53:14.430+01:00 DEBUG 31311 --- [           main] org.hibernate.type.BasicTypeRegistry     : Adding type registration LocalTime -> org.hibernate.type.BasicTypeReference@273fa9e
2024-11-30T18:53:14.430+01:00 DEBUG 31311 --- [           main] org.hibernate.type.BasicTypeRegistry     : Adding type registration java.time.LocalTime -> org.hibernate.type.BasicTypeReference@273fa9e
2024-11-30T18:53:14.430+01:00 DEBUG 31311 --- [           main] org.hibernate.type.BasicTypeRegistry     : Adding type registration OffsetDateTime -> org.hibernate.type.BasicTypeReference@527a8665
2024-11-30T18:53:14.430+01:00 DEBUG 31311 --- [           main] org.hibernate.type.BasicTypeRegistry     : Adding type registration java.time.OffsetDateTime -> org.hibernate.type.BasicTypeReference@527a8665
2024-11-30T18:53:14.430+01:00 DEBUG 31311 --- [           main] org.hibernate.type.BasicTypeRegistry     : Adding type registration OffsetDateTimeWithTimezone -> org.hibernate.type.BasicTypeReference@7ab2a07e
2024-11-30T18:53:14.431+01:00 DEBUG 31311 --- [           main] org.hibernate.type.BasicTypeRegistry     : Adding type registration OffsetDateTimeWithoutTimezone -> org.hibernate.type.BasicTypeReference@437c4b25
2024-11-30T18:53:14.431+01:00 DEBUG 31311 --- [           main] org.hibernate.type.BasicTypeRegistry     : Adding type registration OffsetTime -> org.hibernate.type.BasicTypeReference@5ec6fede
2024-11-30T18:53:14.431+01:00 DEBUG 31311 --- [           main] org.hibernate.type.BasicTypeRegistry     : Adding type registration java.time.OffsetTime -> org.hibernate.type.BasicTypeReference@5ec6fede
2024-11-30T18:53:14.431+01:00 DEBUG 31311 --- [           main] org.hibernate.type.BasicTypeRegistry     : Adding type registration OffsetTimeUtc -> org.hibernate.type.BasicTypeReference@580902cd
2024-11-30T18:53:14.431+01:00 DEBUG 31311 --- [           main] org.hibernate.type.BasicTypeRegistry     : Adding type registration OffsetTimeWithTimezone -> org.hibernate.type.BasicTypeReference@3757e8e2
2024-11-30T18:53:14.431+01:00 DEBUG 31311 --- [           main] org.hibernate.type.BasicTypeRegistry     : Adding type registration OffsetTimeWithoutTimezone -> org.hibernate.type.BasicTypeReference@1653b84e
2024-11-30T18:53:14.431+01:00 DEBUG 31311 --- [           main] org.hibernate.type.BasicTypeRegistry     : Adding type registration ZonedDateTime -> org.hibernate.type.BasicTypeReference@7f8a9454
2024-11-30T18:53:14.431+01:00 DEBUG 31311 --- [           main] org.hibernate.type.BasicTypeRegistry     : Adding type registration java.time.ZonedDateTime -> org.hibernate.type.BasicTypeReference@7f8a9454
2024-11-30T18:53:14.432+01:00 DEBUG 31311 --- [           main] org.hibernate.type.BasicTypeRegistry     : Adding type registration ZonedDateTimeWithTimezone -> org.hibernate.type.BasicTypeReference@6f85ee02
2024-11-30T18:53:14.432+01:00 DEBUG 31311 --- [           main] org.hibernate.type.BasicTypeRegistry     : Adding type registration ZonedDateTimeWithoutTimezone -> org.hibernate.type.BasicTypeReference@679d0be8
2024-11-30T18:53:14.433+01:00 DEBUG 31311 --- [           main] org.hibernate.type.BasicTypeRegistry     : Adding type registration date -> org.hibernate.type.BasicTypeReference@6c075e9d
2024-11-30T18:53:14.433+01:00 DEBUG 31311 --- [           main] org.hibernate.type.BasicTypeRegistry     : Adding type registration java.sql.Date -> org.hibernate.type.BasicTypeReference@6c075e9d
2024-11-30T18:53:14.433+01:00 DEBUG 31311 --- [           main] org.hibernate.type.BasicTypeRegistry     : Adding type registration time -> org.hibernate.type.BasicTypeReference@47044f7d
2024-11-30T18:53:14.433+01:00 DEBUG 31311 --- [           main] org.hibernate.type.BasicTypeRegistry     : Adding type registration java.sql.Time -> org.hibernate.type.BasicTypeReference@47044f7d
2024-11-30T18:53:14.433+01:00 DEBUG 31311 --- [           main] org.hibernate.type.BasicTypeRegistry     : Adding type registration timestamp -> org.hibernate.type.BasicTypeReference@7b14c61
2024-11-30T18:53:14.433+01:00 DEBUG 31311 --- [           main] org.hibernate.type.BasicTypeRegistry     : Adding type registration java.sql.Timestamp -> org.hibernate.type.BasicTypeReference@7b14c61
2024-11-30T18:53:14.433+01:00 DEBUG 31311 --- [           main] org.hibernate.type.BasicTypeRegistry     : Adding type registration java.util.Date -> org.hibernate.type.BasicTypeReference@7b14c61
2024-11-30T18:53:14.433+01:00 DEBUG 31311 --- [           main] org.hibernate.type.BasicTypeRegistry     : Adding type registration calendar -> org.hibernate.type.BasicTypeReference@8fcc534
2024-11-30T18:53:14.433+01:00 DEBUG 31311 --- [           main] org.hibernate.type.BasicTypeRegistry     : Adding type registration java.util.Calendar -> org.hibernate.type.BasicTypeReference@8fcc534
2024-11-30T18:53:14.434+01:00 DEBUG 31311 --- [           main] org.hibernate.type.BasicTypeRegistry     : Adding type registration java.util.GregorianCalendar -> org.hibernate.type.BasicTypeReference@8fcc534
2024-11-30T18:53:14.434+01:00 DEBUG 31311 --- [           main] org.hibernate.type.BasicTypeRegistry     : Adding type registration calendar_date -> org.hibernate.type.BasicTypeReference@5e599100
2024-11-30T18:53:14.434+01:00 DEBUG 31311 --- [           main] org.hibernate.type.BasicTypeRegistry     : Adding type registration calendar_time -> org.hibernate.type.BasicTypeReference@3b435211
2024-11-30T18:53:14.435+01:00 DEBUG 31311 --- [           main] org.hibernate.type.BasicTypeRegistry     : Adding type registration instant -> org.hibernate.type.BasicTypeReference@361cd35c
2024-11-30T18:53:14.435+01:00 DEBUG 31311 --- [           main] org.hibernate.type.BasicTypeRegistry     : Adding type registration java.time.Instant -> org.hibernate.type.BasicTypeReference@361cd35c
2024-11-30T18:53:14.435+01:00 DEBUG 31311 --- [           main] org.hibernate.type.BasicTypeRegistry     : Adding type registration uuid -> org.hibernate.type.BasicTypeReference@58a765ce
2024-11-30T18:53:14.435+01:00 DEBUG 31311 --- [           main] org.hibernate.type.BasicTypeRegistry     : Adding type registration java.util.UUID -> org.hibernate.type.BasicTypeReference@58a765ce
2024-11-30T18:53:14.435+01:00 DEBUG 31311 --- [           main] org.hibernate.type.BasicTypeRegistry     : Adding type registration pg-uuid -> org.hibernate.type.BasicTypeReference@58a765ce
2024-11-30T18:53:14.435+01:00 DEBUG 31311 --- [           main] org.hibernate.type.BasicTypeRegistry     : Adding type registration uuid-binary -> org.hibernate.type.BasicTypeReference@4a642e4b
2024-11-30T18:53:14.435+01:00 DEBUG 31311 --- [           main] org.hibernate.type.BasicTypeRegistry     : Adding type registration uuid-char -> org.hibernate.type.BasicTypeReference@6b162ecc
2024-11-30T18:53:14.435+01:00 DEBUG 31311 --- [           main] org.hibernate.type.BasicTypeRegistry     : Adding type registration class -> org.hibernate.type.BasicTypeReference@3b4086c1
2024-11-30T18:53:14.436+01:00 DEBUG 31311 --- [           main] org.hibernate.type.BasicTypeRegistry     : Adding type registration java.lang.Class -> org.hibernate.type.BasicTypeReference@3b4086c1
2024-11-30T18:53:14.436+01:00 DEBUG 31311 --- [           main] org.hibernate.type.BasicTypeRegistry     : Adding type registration currency -> org.hibernate.type.BasicTypeReference@58aa1d72
2024-11-30T18:53:14.436+01:00 DEBUG 31311 --- [           main] org.hibernate.type.BasicTypeRegistry     : Adding type registration Currency -> org.hibernate.type.BasicTypeReference@58aa1d72
2024-11-30T18:53:14.436+01:00 DEBUG 31311 --- [           main] org.hibernate.type.BasicTypeRegistry     : Adding type registration java.util.Currency -> org.hibernate.type.BasicTypeReference@58aa1d72
2024-11-30T18:53:14.437+01:00 DEBUG 31311 --- [           main] org.hibernate.type.BasicTypeRegistry     : Adding type registration locale -> org.hibernate.type.BasicTypeReference@33d7765a
2024-11-30T18:53:14.437+01:00 DEBUG 31311 --- [           main] org.hibernate.type.BasicTypeRegistry     : Adding type registration java.util.Locale -> org.hibernate.type.BasicTypeReference@33d7765a
2024-11-30T18:53:14.437+01:00 DEBUG 31311 --- [           main] org.hibernate.type.BasicTypeRegistry     : Adding type registration serializable -> org.hibernate.type.BasicTypeReference@69ed5ea2
2024-11-30T18:53:14.437+01:00 DEBUG 31311 --- [           main] org.hibernate.type.BasicTypeRegistry     : Adding type registration java.io.Serializable -> org.hibernate.type.BasicTypeReference@69ed5ea2
2024-11-30T18:53:14.437+01:00 DEBUG 31311 --- [           main] org.hibernate.type.BasicTypeRegistry     : Adding type registration timezone -> org.hibernate.type.BasicTypeReference@56a4abd0
2024-11-30T18:53:14.437+01:00 DEBUG 31311 --- [           main] org.hibernate.type.BasicTypeRegistry     : Adding type registration java.util.TimeZone -> org.hibernate.type.BasicTypeReference@56a4abd0
2024-11-30T18:53:14.437+01:00 DEBUG 31311 --- [           main] org.hibernate.type.BasicTypeRegistry     : Adding type registration ZoneOffset -> org.hibernate.type.BasicTypeReference@5eed6dfb
2024-11-30T18:53:14.437+01:00 DEBUG 31311 --- [           main] org.hibernate.type.BasicTypeRegistry     : Adding type registration java.time.ZoneOffset -> org.hibernate.type.BasicTypeReference@5eed6dfb
2024-11-30T18:53:14.437+01:00 DEBUG 31311 --- [           main] org.hibernate.type.BasicTypeRegistry     : Adding type registration url -> org.hibernate.type.BasicTypeReference@5600a5da
2024-11-30T18:53:14.438+01:00 DEBUG 31311 --- [           main] org.hibernate.type.BasicTypeRegistry     : Adding type registration java.net.URL -> org.hibernate.type.BasicTypeReference@5600a5da
2024-11-30T18:53:14.438+01:00 DEBUG 31311 --- [           main] org.hibernate.type.BasicTypeRegistry     : Adding type registration vector -> org.hibernate.type.BasicTypeReference@551be9f6
2024-11-30T18:53:14.438+01:00 DEBUG 31311 --- [           main] org.hibernate.type.BasicTypeRegistry     : Adding type registration row_version -> org.hibernate.type.BasicTypeReference@269222ae
2024-11-30T18:53:14.443+01:00 DEBUG 31311 --- [           main] org.hibernate.type.BasicTypeRegistry     : Adding type registration object -> org.hibernate.type.JavaObjectType@5a4dda2
2024-11-30T18:53:14.444+01:00 DEBUG 31311 --- [           main] org.hibernate.type.BasicTypeRegistry     : Adding type registration java.lang.Object -> org.hibernate.type.JavaObjectType@5a4dda2
2024-11-30T18:53:14.445+01:00 DEBUG 31311 --- [           main] org.hibernate.type.BasicTypeRegistry     : Adding type registration null -> org.hibernate.type.NullType@44d7e24
2024-11-30T18:53:14.445+01:00 DEBUG 31311 --- [           main] org.hibernate.type.BasicTypeRegistry     : Adding type registration imm_date -> org.hibernate.type.BasicTypeReference@26c8b296
2024-11-30T18:53:14.445+01:00 DEBUG 31311 --- [           main] org.hibernate.type.BasicTypeRegistry     : Adding type registration imm_time -> org.hibernate.type.BasicTypeReference@1d289d3f
2024-11-30T18:53:14.445+01:00 DEBUG 31311 --- [           main] org.hibernate.type.BasicTypeRegistry     : Adding type registration imm_timestamp -> org.hibernate.type.BasicTypeReference@10f405ff
2024-11-30T18:53:14.445+01:00 DEBUG 31311 --- [           main] org.hibernate.type.BasicTypeRegistry     : Adding type registration imm_calendar -> org.hibernate.type.BasicTypeReference@7f27f59b
2024-11-30T18:53:14.445+01:00 DEBUG 31311 --- [           main] org.hibernate.type.BasicTypeRegistry     : Adding type registration imm_calendar_date -> org.hibernate.type.BasicTypeReference@1c98b4eb
2024-11-30T18:53:14.446+01:00 DEBUG 31311 --- [           main] org.hibernate.type.BasicTypeRegistry     : Adding type registration imm_calendar_time -> org.hibernate.type.BasicTypeReference@45801322
2024-11-30T18:53:14.446+01:00 DEBUG 31311 --- [           main] org.hibernate.type.BasicTypeRegistry     : Adding type registration imm_binary -> org.hibernate.type.BasicTypeReference@756b2d90
2024-11-30T18:53:14.446+01:00 DEBUG 31311 --- [           main] org.hibernate.type.BasicTypeRegistry     : Adding type registration imm_serializable -> org.hibernate.type.BasicTypeReference@3520958b
2024-11-30T18:53:14.746+01:00  INFO 31311 --- [           main] o.s.o.j.p.SpringPersistenceUnitInfo      : No LoadTimeWeaver setup: ignoring JPA class transformer
2024-11-30T18:53:14.788+01:00  INFO 31311 --- [           main] com.zaxxer.hikari.HikariDataSource       : HikariPool-1 - Starting...
2024-11-30T18:53:15.260+01:00  INFO 31311 --- [           main] com.zaxxer.hikari.pool.HikariPool        : HikariPool-1 - Added connection com.mysql.cj.jdbc.ConnectionImpl@5432dca2
2024-11-30T18:53:15.262+01:00  INFO 31311 --- [           main] com.zaxxer.hikari.HikariDataSource       : HikariPool-1 - Start completed.
2024-11-30T18:53:15.364+01:00 DEBUG 31311 --- [           main] o.h.t.d.sql.spi.DdlTypeRegistry          : addDescriptor(12, org.hibernate.type.descriptor.sql.internal.CapacityDependentDdlType@6480a063) replaced previous registration(org.hibernate.type.descriptor.sql.internal.CapacityDependentDdlType@2f6f4ac4)
2024-11-30T18:53:15.365+01:00 DEBUG 31311 --- [           main] o.h.t.d.sql.spi.DdlTypeRegistry          : addDescriptor(-9, org.hibernate.type.descriptor.sql.internal.CapacityDependentDdlType@727dcc64) replaced previous registration(org.hibernate.type.descriptor.sql.internal.CapacityDependentDdlType@49e62b17)
2024-11-30T18:53:15.365+01:00 DEBUG 31311 --- [           main] o.h.t.d.sql.spi.DdlTypeRegistry          : addDescriptor(-3, org.hibernate.type.descriptor.sql.internal.CapacityDependentDdlType@288409f0) replaced previous registration(org.hibernate.type.descriptor.sql.internal.CapacityDependentDdlType@7d685f4e)
2024-11-30T18:53:15.365+01:00 DEBUG 31311 --- [           main] o.h.t.d.sql.spi.DdlTypeRegistry          : addDescriptor(4003, org.hibernate.type.descriptor.sql.internal.DdlTypeImpl@61eab26b) replaced previous registration(org.hibernate.type.descriptor.sql.internal.DdlTypeImpl@19ac93d2)
2024-11-30T18:53:15.365+01:00 DEBUG 31311 --- [           main] o.h.t.d.sql.spi.DdlTypeRegistry          : addDescriptor(4001, org.hibernate.type.descriptor.sql.internal.DdlTypeImpl@116fc29e) replaced previous registration(org.hibernate.type.descriptor.sql.internal.DdlTypeImpl@2e426dd2)
2024-11-30T18:53:15.365+01:00 DEBUG 31311 --- [           main] o.h.t.d.sql.spi.DdlTypeRegistry          : addDescriptor(4002, org.hibernate.type.descriptor.sql.internal.DdlTypeImpl@1a0ffb9b) replaced previous registration(org.hibernate.type.descriptor.sql.internal.DdlTypeImpl@67c0c90b)
2024-11-30T18:53:15.366+01:00 DEBUG 31311 --- [           main] o.h.t.d.sql.spi.DdlTypeRegistry          : addDescriptor(2004, org.hibernate.type.descriptor.sql.internal.CapacityDependentDdlType@8549c5f) replaced previous registration(org.hibernate.type.descriptor.sql.internal.DdlTypeImpl@35454c7a)
2024-11-30T18:53:15.369+01:00 DEBUG 31311 --- [           main] o.h.t.d.sql.spi.DdlTypeRegistry          : addDescriptor(2005, org.hibernate.type.descriptor.sql.internal.CapacityDependentDdlType@50f3ba6a) replaced previous registration(org.hibernate.type.descriptor.sql.internal.DdlTypeImpl@319aa9ee)
2024-11-30T18:53:15.370+01:00 DEBUG 31311 --- [           main] o.h.t.d.sql.spi.DdlTypeRegistry          : addDescriptor(2011, org.hibernate.type.descriptor.sql.internal.CapacityDependentDdlType@1d806de6) replaced previous registration(org.hibernate.type.descriptor.sql.internal.DdlTypeImpl@2b9d4b0)
2024-11-30T18:53:15.373+01:00 DEBUG 31311 --- [           main] o.h.t.d.jdbc.spi.JdbcTypeRegistry        : addDescriptor(NCharTypeDescriptor) replaced previous registration(CharTypeDescriptor)
2024-11-30T18:53:15.375+01:00 DEBUG 31311 --- [           main] o.h.t.d.jdbc.spi.JdbcTypeRegistry        : addDescriptor(NVarcharTypeDescriptor) replaced previous registration(VarcharTypeDescriptor)
2024-11-30T18:53:15.376+01:00 DEBUG 31311 --- [           main] o.h.t.d.jdbc.spi.JdbcTypeRegistry        : addDescriptor(LongNVarcharTypeDescriptor) replaced previous registration(LongVarcharTypeDescriptor)
2024-11-30T18:53:15.379+01:00 DEBUG 31311 --- [           main] o.h.t.d.jdbc.spi.JdbcTypeRegistry        : addDescriptor(NClobTypeDescriptor(DEFAULT)) replaced previous registration(ClobTypeDescriptor(DEFAULT))
2024-11-30T18:53:15.379+01:00 DEBUG 31311 --- [           main] o.h.t.d.jdbc.spi.JdbcTypeRegistry        : addDescriptor(2005, ClobTypeDescriptor(STREAM_BINDING)) replaced previous registration(ClobTypeDescriptor(DEFAULT))
2024-11-30T18:53:15.405+01:00 DEBUG 31311 --- [           main] org.hibernate.type.BasicTypeRegistry     : Adding type registration null -> org.hibernate.type.NullType@6ae42248
2024-11-30T18:53:15.405+01:00 DEBUG 31311 --- [           main] org.hibernate.type.BasicTypeRegistry     : Type registration key [null] overrode previous entry : `org.hibernate.type.NullType@44d7e24`
2024-11-30T18:53:15.409+01:00 DEBUG 31311 --- [           main] org.hibernate.type.BasicTypeRegistry     : Adding type registration org.hibernate.type.DurationType -> basicType@1(java.time.Duration,3015)
2024-11-30T18:53:15.411+01:00 DEBUG 31311 --- [           main] org.hibernate.type.BasicTypeRegistry     : Adding type registration Duration -> basicType@1(java.time.Duration,3015)
2024-11-30T18:53:15.411+01:00 DEBUG 31311 --- [           main] org.hibernate.type.BasicTypeRegistry     : Adding type registration java.time.Duration -> basicType@1(java.time.Duration,3015)
2024-11-30T18:53:15.415+01:00 DEBUG 31311 --- [           main] org.hibernate.type.BasicTypeRegistry     : Adding type registration org.hibernate.type.OffsetDateTimeType -> basicType@2(java.time.OffsetDateTime,3003)
2024-11-30T18:53:15.416+01:00 DEBUG 31311 --- [           main] org.hibernate.type.BasicTypeRegistry     : Adding type registration OffsetDateTime -> basicType@2(java.time.OffsetDateTime,3003)
2024-11-30T18:53:15.416+01:00 DEBUG 31311 --- [           main] org.hibernate.type.BasicTypeRegistry     : Adding type registration java.time.OffsetDateTime -> basicType@2(java.time.OffsetDateTime,3003)
2024-11-30T18:53:15.416+01:00 DEBUG 31311 --- [           main] org.hibernate.type.BasicTypeRegistry     : Adding type registration org.hibernate.type.ZonedDateTimeType -> basicType@3(java.time.ZonedDateTime,3003)
2024-11-30T18:53:15.416+01:00 DEBUG 31311 --- [           main] org.hibernate.type.BasicTypeRegistry     : Adding type registration ZonedDateTime -> basicType@3(java.time.ZonedDateTime,3003)
2024-11-30T18:53:15.416+01:00 DEBUG 31311 --- [           main] org.hibernate.type.BasicTypeRegistry     : Adding type registration java.time.ZonedDateTime -> basicType@3(java.time.ZonedDateTime,3003)
2024-11-30T18:53:15.416+01:00 DEBUG 31311 --- [           main] org.hibernate.type.BasicTypeRegistry     : Adding type registration org.hibernate.type.OffsetTimeType -> basicType@4(java.time.OffsetTime,3007)
2024-11-30T18:53:15.416+01:00 DEBUG 31311 --- [           main] org.hibernate.type.BasicTypeRegistry     : Adding type registration OffsetTime -> basicType@4(java.time.OffsetTime,3007)
2024-11-30T18:53:15.417+01:00 DEBUG 31311 --- [           main] org.hibernate.type.BasicTypeRegistry     : Adding type registration java.time.OffsetTime -> basicType@4(java.time.OffsetTime,3007)
2024-11-30T18:53:15.419+01:00 DEBUG 31311 --- [           main] o.h.type.spi.TypeConfiguration$Scope     : Scoping TypeConfiguration [org.hibernate.type.spi.TypeConfiguration@2152fde5] to MetadataBuildingContext [org.hibernate.boot.internal.MetadataBuildingContextRootImpl@5d58dc61]
2024-11-30T18:53:16.881+01:00  INFO 31311 --- [           main] o.h.e.t.j.p.i.JtaPlatformInitiator       : HHH000489: No JTA platform available (set 'hibernate.transaction.jta.platform' to enable JTA platform integration)
2024-11-30T18:53:16.886+01:00 DEBUG 31311 --- [           main] o.h.type.spi.TypeConfiguration$Scope     : Scoping TypeConfiguration [org.hibernate.type.spi.TypeConfiguration@2152fde5] to SessionFactoryImplementor [org.hibernate.internal.SessionFactoryImpl@4351d055]
2024-11-30T18:53:16.937+01:00 TRACE 31311 --- [           main] o.h.type.spi.TypeConfiguration$Scope     : Handling #sessionFactoryCreated from [org.hibernate.internal.SessionFactoryImpl@4351d055] for TypeConfiguration
2024-11-30T18:53:16.938+01:00  INFO 31311 --- [           main] j.LocalContainerEntityManagerFactoryBean : Initialized JPA EntityManagerFactory for persistence unit 'default'
2024-11-30T18:53:17.871+01:00  WARN 31311 --- [           main] JpaBaseConfiguration$JpaWebConfiguration : spring.jpa.open-in-view is enabled by default. Therefore, database queries may be performed during view rendering. Explicitly configure spring.jpa.open-in-view to disable this warning
2024-11-30T18:53:20.034+01:00  INFO 31311 --- [           main] c.v.project.ProjectApplicationTests      : Started ProjectApplicationTests in 8.972 seconds (process running for 10.429)
]]></system-out>
  </testcase>
</testsuite>